/*C12*/SET SCHEMA PUBLIC
drop table if exists event_details CASCADE 
create table event_details (id varchar(255) not null, alert boolean, event_duration bigint, host varchar(255), type varchar(255), primary key (id))
INSERT INTO EVENT_DETAILS VALUES('scsmbstgrb',TRUE,1491377495210,NULL,NULL)
INSERT INTO EVENT_DETAILS VALUES('scsmbstgrc',TRUE,1491377495226,NULL,NULL)
INSERT INTO EVENT_DETAILS VALUES('scsmbstgrmg',TRUE,10,'12345','APPLICATION_LOG')
COMMIT
DISCONNECT
/*C13*/SET SCHEMA PUBLIC
DISCONNECT
/*C14*/SET SCHEMA PUBLIC
DISCONNECT
/*C15*/SET SCHEMA PUBLIC
DISCONNECT
/*C16*/SET SCHEMA PUBLIC
DISCONNECT
/*C17*/SET SCHEMA PUBLIC
DISCONNECT
/*C18*/SET SCHEMA PUBLIC
DISCONNECT
/*C19*/SET SCHEMA PUBLIC
DISCONNECT
/*C20*/SET SCHEMA PUBLIC
DISCONNECT
/*C21*/SET SCHEMA PUBLIC
DISCONNECT
